<?xml version="1.0" encoding="UTF-8"?>
<!-- Generated by org.testng.reporters.JUnitReportReporter -->
<testsuite hostname="LAPTOP-RQ5ADVUS" failures="0" tests="6" name="magentoProject.myTestCases" time="64.473" errors="0" timestamp="2024-02-25T18:33:25 EET" skipped="0">
  <testcase classname="magentoProject.myTestCases" name="createAccount" time="7.731"/>
  <system-out/>
  <testcase classname="magentoProject.myTestCases" name="logout" time="9.663"/>
  <system-out/>
  <testcase classname="magentoProject.myTestCases" name="signIn" time="6.260"/>
  <system-out/>
  <testcase classname="magentoProject.myTestCases" name="theSubscriptionProcess" time="9.753"/>
  <system-out/>
  <testcase classname="magentoProject.myTestCases" name="addLastTwoItems" time="28.708"/>
  <system-out/>
  <testcase classname="magentoProject.myTestCases" name="sortItems" time="2.358"/>
  <system-out/>
</testsuite> <!-- magentoProject.myTestCases -->
